<?xml version="1.0" encoding="UTF-8"?>
<!-- Generated by org.testng.reporters.JUnitReportReporter -->
<testsuite hostname="Saptarshis-MacBook-Pro-2.local" failures="0" tests="1" name="tests.TestCase01" time="1.237" errors="0" timestamp="2023-03-10T11:30:16 IST" skipped="0">
  <testcase classname="tests.TestCase01" name="testLoginPage" time="1.237"/>
  <system-out/>
</testsuite> <!-- tests.TestCase01 -->
